# JRE version: Java(TM) SE Runtime Environment (8.0_201-b09) (build 1.8.0_201-b09)
# Java VM: Java HotSpot(TM) 64-Bit Server VM (25.201-b09 mixed mode linux-amd64 compressed oops)
Heap:
 PSYoungGen      total 214016K, used 18925K [0x00000000ebf00000, 0x00000000fb700000, 0x0000000100000000)
  eden space 195072K, 0% used [0x00000000ebf00000,0x00000000ebf00000,0x00000000f7d80000)
  from space 18944K, 99% used [0x00000000fa480000,0x00000000fb6fb568,0x00000000fb700000)
  to   space 13824K, 0% used [0x00000000f7d80000,0x00000000f7d80000,0x00000000f8b00000)
 ParOldGen       total 47104K, used 40801K [0x00000000c3c00000, 0x00000000c6a00000, 0x00000000ebf00000)
  object space 47104K, 86% used [0x00000000c3c00000,0x00000000c63d86b0,0x00000000c6a00000)
 Metaspace       used 27827K, capacity 28620K, committed 28800K, reserved 1075200K
  class space    used 3368K, capacity 3651K, committed 3712K, reserved 1048576K
GC Heap History (10 events):
Event: 6.044 GC heap after
Heap after GC invocations=8 (full 0):
 PSYoungGen      total 133120K, used 9200K [0x00000000ebf00000, 0x00000000f5300000, 0x0000000100000000)
  eden space 123904K, 0% used [0x00000000ebf00000,0x00000000ebf00000,0x00000000f3800000)
  from space 9216K, 99% used [0x00000000f4400000,0x00000000f4cfc3b0,0x00000000f4d00000)
  to   space 12288K, 0% used [0x00000000f3800000,0x00000000f3800000,0x00000000f4400000)
 ParOldGen       total 42496K, used 14576K [0x00000000c3c00000, 0x00000000c6580000, 0x00000000ebf00000)
  object space 42496K, 34% used [0x00000000c3c00000,0x00000000c4a3c2a8,0x00000000c6580000)
 Metaspace       used 18956K, capacity 19284K, committed 19584K, reserved 1067008K
  class space    used 2281K, capacity 2380K, committed 2432K, reserved 1048576K
}
Event: 6.728 GC heap before
{Heap before GC invocations=9 (full 0):
 PSYoungGen      total 133120K, used 31955K [0x00000000ebf00000, 0x00000000f5300000, 0x0000000100000000)
  eden space 123904K, 18% used [0x00000000ebf00000,0x00000000ed5388c0,0x00000000f3800000)
  from space 9216K, 99% used [0x00000000f4400000,0x00000000f4cfc3b0,0x00000000f4d00000)
  to   space 12288K, 0% used [0x00000000f3800000,0x00000000f3800000,0x00000000f4400000)
 ParOldGen       total 42496K, used 14576K [0x00000000c3c00000, 0x00000000c6580000, 0x00000000ebf00000)
  object space 42496K, 34% used [0x00000000c3c00000,0x00000000c4a3c2a8,0x00000000c6580000)
 Metaspace       used 20664K, capacity 21106K, committed 21296K, reserved 1069056K
  class space    used 2504K, capacity 2645K, committed 2688K, reserved 1048576K
Event: 6.749 GC heap after
Heap after GC invocations=9 (full 0):
 PSYoungGen      total 136192K, used 9672K [0x00000000ebf00000, 0x00000000f9a00000, 0x0000000100000000)
  eden space 123904K, 0% used [0x00000000ebf00000,0x00000000ebf00000,0x00000000f3800000)
  from space 12288K, 78% used [0x00000000f3800000,0x00000000f4172370,0x00000000f4400000)
  to   space 12800K, 0% used [0x00000000f8d80000,0x00000000f8d80000,0x00000000f9a00000)
 ParOldGen       total 42496K, used 16968K [0x00000000c3c00000, 0x00000000c6580000, 0x00000000ebf00000)
  object space 42496K, 39% used [0x00000000c3c00000,0x00000000c4c922d8,0x00000000c6580000)
 Metaspace       used 20664K, capacity 21106K, committed 21296K, reserved 1069056K
  class space    used 2504K, capacity 2645K, committed 2688K, reserved 1048576K
}
Event: 6.749 GC heap before
{Heap before GC invocations=10 (full 1):
 PSYoungGen      total 136192K, used 9672K [0x00000000ebf00000, 0x00000000f9a00000, 0x0000000100000000)
  eden space 123904K, 0% used [0x00000000ebf00000,0x00000000ebf00000,0x00000000f3800000)
  from space 12288K, 78% used [0x00000000f3800000,0x00000000f4172370,0x00000000f4400000)
  to   space 12800K, 0% used [0x00000000f8d80000,0x00000000f8d80000,0x00000000f9a00000)
 ParOldGen       total 42496K, used 16968K [0x00000000c3c00000, 0x00000000c6580000, 0x00000000ebf00000)
  object space 42496K, 39% used [0x00000000c3c00000,0x00000000c4c922d8,0x00000000c6580000)
 Metaspace       used 20664K, capacity 21106K, committed 21296K, reserved 1069056K
  class space    used 2504K, capacity 2645K, committed 2688K, reserved 1048576K
Event: 6.888 GC heap after
Heap after GC invocations=10 (full 1):
 PSYoungGen      total 136192K, used 0K [0x00000000ebf00000, 0x00000000f9a00000, 0x0000000100000000)
  eden space 123904K, 0% used [0x00000000ebf00000,0x00000000ebf00000,0x00000000f3800000)
  from space 12288K, 0% used [0x00000000f3800000,0x00000000f3800000,0x00000000f4400000)
  to   space 12800K, 0% used [0x00000000f8d80000,0x00000000f8d80000,0x00000000f9a00000)
 ParOldGen       total 47104K, used 18968K [0x00000000c3c00000, 0x00000000c6a00000, 0x00000000ebf00000)
  object space 47104K, 40% used [0x00000000c3c00000,0x00000000c4e86038,0x00000000c6a00000)
 Metaspace       used 20664K, capacity 21106K, committed 21296K, reserved 1069056K
  class space    used 2504K, capacity 2645K, committed 2688K, reserved 1048576K
}
Event: 9.358 GC heap before
{Heap before GC invocations=11 (full 1):
 PSYoungGen      total 136192K, used 123904K [0x00000000ebf00000, 0x00000000f9a00000, 0x0000000100000000)
  eden space 123904K, 100% used [0x00000000ebf00000,0x00000000f3800000,0x00000000f3800000)
  from space 12288K, 0% used [0x00000000f3800000,0x00000000f3800000,0x00000000f4400000)
  to   space 12800K, 0% used [0x00000000f8d80000,0x00000000f8d80000,0x00000000f9a00000)
 ParOldGen       total 47104K, used 18968K [0x00000000c3c00000, 0x00000000c6a00000, 0x00000000ebf00000)
  object space 47104K, 40% used [0x00000000c3c00000,0x00000000c4e86038,0x00000000c6a00000)
 Metaspace       used 26243K, capacity 26978K, committed 27264K, reserved 1073152K
  class space    used 3171K, capacity 3406K, committed 3456K, reserved 1048576K
Event: 9.395 GC heap after
Heap after GC invocations=11 (full 1):
 PSYoungGen      total 174592K, used 10898K [0x00000000ebf00000, 0x00000000f9880000, 0x0000000100000000)
  eden space 163328K, 0% used [0x00000000ebf00000,0x00000000ebf00000,0x00000000f5e80000)
  from space 11264K, 96% used [0x00000000f8d80000,0x00000000f9824868,0x00000000f9880000)
  to   space 13824K, 0% used [0x00000000f7d80000,0x00000000f7d80000,0x00000000f8b00000)
 ParOldGen       total 47104K, used 18976K [0x00000000c3c00000, 0x00000000c6a00000, 0x00000000ebf00000)
  object space 47104K, 40% used [0x00000000c3c00000,0x00000000c4e88038,0x00000000c6a00000)
 Metaspace       used 26243K, capacity 26978K, committed 27264K, reserved 1073152K
  class space    used 3171K, capacity 3406K, committed 3456K, reserved 1048576K
}
Event: 11.257 GC heap before
{Heap before GC invocations=12 (full 1):
 PSYoungGen      total 174592K, used 174226K [0x00000000ebf00000, 0x00000000f9880000, 0x0000000100000000)
  eden space 163328K, 100% used [0x00000000ebf00000,0x00000000f5e80000,0x00000000f5e80000)
  from space 11264K, 96% used [0x00000000f8d80000,0x00000000f9824868,0x00000000f9880000)
  to   space 13824K, 0% used [0x00000000f7d80000,0x00000000f7d80000,0x00000000f8b00000)
 ParOldGen       total 47104K, used 18976K [0x00000000c3c00000, 0x00000000c6a00000, 0x00000000ebf00000)
  object space 47104K, 40% used [0x00000000c3c00000,0x00000000c4e88038,0x00000000c6a00000)
 Metaspace       used 27803K, capacity 28588K, committed 28800K, reserved 1075200K
  class space    used 3366K, capacity 3619K, committed 3712K, reserved 1048576K
Event: 11.307 GC heap after
Heap after GC invocations=12 (full 1):
 PSYoungGen      total 208896K, used 13802K [0x00000000ebf00000, 0x00000000fb700000, 0x0000000100000000)
  eden space 195072K, 0% used [0x00000000ebf00000,0x00000000ebf00000,0x00000000f7d80000)
  from space 13824K, 99% used [0x00000000f7d80000,0x00000000f8afaaf0,0x00000000f8b00000)
  to   space 18944K, 0% used [0x00000000fa480000,0x00000000fa480000,0x00000000fb700000)
 ParOldGen       total 47104K, used 26758K [0x00000000c3c00000, 0x00000000c6a00000, 0x00000000ebf00000)
  object space 47104K, 56% used [0x00000000c3c00000,0x00000000c5621b60,0x00000000c6a00000)
 Metaspace       used 27803K, capacity 28588K, committed 28800K, reserved 1075200K
  class space    used 3366K, capacity 3619K, committed 3712K, reserved 1048576K
}
Event: 13.619 GC heap before
{Heap before GC invocations=13 (full 1):
 PSYoungGen      total 208896K, used 208874K [0x00000000ebf00000, 0x00000000fb700000, 0x0000000100000000)
  eden space 195072K, 100% used [0x00000000ebf00000,0x00000000f7d80000,0x00000000f7d80000)
  from space 13824K, 99% used [0x00000000f7d80000,0x00000000f8afaaf0,0x00000000f8b00000)
  to   space 18944K, 0% used [0x00000000fa480000,0x00000000fa480000,0x00000000fb700000)
 ParOldGen       total 47104K, used 26758K [0x00000000c3c00000, 0x00000000c6a00000, 0x00000000ebf00000)
  object space 47104K, 56% used [0x00000000c3c00000,0x00000000c5621b60,0x00000000c6a00000)
 Metaspace       used 27827K, capacity 28620K, committed 28800K, reserved 1075200K
  class space    used 3368K, capacity 3651K, committed 3712K, reserved 1048576K

